<?xml version="1.0" encoding="UTF-8"?>
<testsuite name="gov.cdc.prime.router.secrets.SecretServiceTests" tests="2" skipped="0" failures="0" errors="0" timestamp="2021-05-04T12:58:44" hostname="Technicians-MacBook-Pro.local" time="0.004">
  <properties/>
  <testcase name="test fetchSecret throws IllegalArgumentException with non-url safe secretNames()" classname="gov.cdc.prime.router.secrets.SecretServiceTests" time="0.001"/>
  <testcase name="test fetchSecret handles valid secretNames()" classname="gov.cdc.prime.router.secrets.SecretServiceTests" time="0.003"/>
  <system-out><![CDATA[]]></system-out>
  <system-err><![CDATA[]]></system-err>
</testsuite>
