<?xml version="1.0" encoding="UTF-8"?>
<testsuite name="gov.cdc.prime.router.TranslatorTests" tests="4" skipped="0" failures="0" errors="0" timestamp="2021-05-04T12:58:51" hostname="Technicians-MacBook-Pro.local" time="0.007">
  <properties/>
  <testcase name="test buildMapping()" classname="gov.cdc.prime.router.TranslatorTests" time="0.0"/>
  <testcase name="test buildMapping with missing()" classname="gov.cdc.prime.router.TranslatorTests" time="0.001"/>
  <testcase name="test buildMapping with default()" classname="gov.cdc.prime.router.TranslatorTests" time="0.0"/>
  <testcase name="test filterAndMapByReceiver()" classname="gov.cdc.prime.router.TranslatorTests" time="0.006"/>
  <system-out><![CDATA[]]></system-out>
  <system-err><![CDATA[]]></system-err>
</testsuite>
