<?xml version="1.0" encoding="UTF-8"?>
<testsuite name="gov.cdc.prime.router.credentials.AzureCredentialServiceTests" tests="4" skipped="0" failures="0" errors="0" timestamp="2021-05-04T12:58:52" hostname="Technicians-MacBook-Pro.local" time="0.021">
  <properties/>
  <testcase name="uses Key Vault to persist a secret()" classname="gov.cdc.prime.router.credentials.AzureCredentialServiceTests" time="0.007"/>
  <testcase name="initializes a Key Vault using the correct URL()" classname="gov.cdc.prime.router.credentials.AzureCredentialServiceTests" time="0.008"/>
  <testcase name="Key Vault errors when secret not persisted()" classname="gov.cdc.prime.router.credentials.AzureCredentialServiceTests" time="0.003"/>
  <testcase name="uses Key Vault to retrieve a secret()" classname="gov.cdc.prime.router.credentials.AzureCredentialServiceTests" time="0.002"/>
  <system-out><![CDATA[08:58:52.187 [Test worker][22] INFO  gov.cdc.prime.router.credentials.AzureCredentialService - CREDENTIAL UPDATE: AzureCredentialServiceTests updating connectionId(connection-id-1) credential...
08:58:52.188 [Test worker][22] INFO  gov.cdc.prime.router.credentials.AzureCredentialService - CREDENTIAL UPDATE: AzureCredentialServiceTests updated connectionId(connection-id-1) credential successfully.
08:58:52.200 [Test worker][22] INFO  gov.cdc.prime.router.credentials.AzureCredentialService - CREDENTIAL UPDATE: AzureCredentialServiceTests updating connectionId(connection-id-1) credential...
08:58:52.203 [Test worker][22] INFO  gov.cdc.prime.router.credentials.AzureCredentialService - CREDENTIAL REQUEST: AzureCredentialServiceTests requested connectionId(connection-id-1) credential for AUTOMATED_TEST
]]></system-out>
  <system-err><![CDATA[]]></system-err>
</testsuite>
