<?xml version="1.0" encoding="UTF-8"?>
<testsuite name="gov.cdc.prime.router.credentials.CredentialTests" tests="2" skipped="0" failures="0" errors="0" timestamp="2021-05-04T12:58:52" hostname="Technicians-MacBook-Pro.local" time="0.001">
  <properties/>
  <testcase name="test polymorphic serialization of UserPassCredential()" classname="gov.cdc.prime.router.credentials.CredentialTests" time="0.001"/>
  <testcase name="test polymorphic deserialization of UserPassCredential()" classname="gov.cdc.prime.router.credentials.CredentialTests" time="0.0"/>
  <system-out><![CDATA[]]></system-out>
  <system-err><![CDATA[]]></system-err>
</testsuite>
