<?xml version="1.0" encoding="UTF-8"?>
<testsuite name="gov.cdc.prime.router.secrets.AzureSecretServiceTests" tests="2" skipped="0" failures="0" errors="0" timestamp="2021-05-04T12:58:44" hostname="Technicians-MacBook-Pro.local" time="0.14">
  <properties/>
  <testcase name="initializes a Key Vault using the correct URL()" classname="gov.cdc.prime.router.secrets.AzureSecretServiceTests" time="0.095"/>
  <testcase name="uses Key Vault to retrieve a secret()" classname="gov.cdc.prime.router.secrets.AzureSecretServiceTests" time="0.044"/>
  <system-out><![CDATA[]]></system-out>
  <system-err><![CDATA[]]></system-err>
</testsuite>
