<?xml version="1.0" encoding="UTF-8"?>
<testsuite name="gov.cdc.prime.router.credentials.HashicorpVaultCredentialServiceTests" tests="3" skipped="0" failures="0" errors="0" timestamp="2021-05-04T12:58:51" hostname="Technicians-MacBook-Pro.local" time="0.224">
  <properties/>
  <testcase name="uses Vault api to fetch a missing credential()" classname="gov.cdc.prime.router.credentials.HashicorpVaultCredentialServiceTests" time="0.205"/>
  <testcase name="uses Vault api to save a credential()" classname="gov.cdc.prime.router.credentials.HashicorpVaultCredentialServiceTests" time="0.012"/>
  <testcase name="uses Vault api to fetch a credential()" classname="gov.cdc.prime.router.credentials.HashicorpVaultCredentialServiceTests" time="0.007"/>
  <system-out><![CDATA[08:58:51.993 [Test worker][22] INFO  gov.cdc.prime.router.credentials.HashicorpVaultCredentialService - CREDENTIAL REQUEST: HashicorpVaultCredentialServiceTests requested connectionId(connection-id-1) credential for AUTOMATED_TEST
08:58:52.123 [Test worker][22] INFO  gov.cdc.prime.router.credentials.HashicorpVaultCredentialService - CREDENTIAL UPDATE: HashicorpVaultCredentialServiceTests updating connectionId(connection-id-1) credential...
08:58:52.132 [Test worker][22] INFO  gov.cdc.prime.router.credentials.HashicorpVaultCredentialService - CREDENTIAL UPDATE: HashicorpVaultCredentialServiceTests updated connectionId(connection-id-1) credential successfully.
08:58:52.134 [Test worker][22] INFO  gov.cdc.prime.router.credentials.HashicorpVaultCredentialService - CREDENTIAL REQUEST: HashicorpVaultCredentialServiceTests requested connectionId(connection-id-1) credential for AUTOMATED_TEST
]]></system-out>
  <system-err><![CDATA[]]></system-err>
</testsuite>
