<?xml version="1.0" encoding="UTF-8"?>
<testsuite name="gov.cdc.prime.router.credentials.CredentialServiceTests" tests="5" skipped="0" failures="0" errors="0" timestamp="2021-05-04T12:58:52" hostname="Technicians-MacBook-Pro.local" time="0.005">
  <properties/>
  <testcase name="test saveCredential handles valid connectionIds()" classname="gov.cdc.prime.router.credentials.CredentialServiceTests" time="0.002"/>
  <testcase name="test save and fetch()" classname="gov.cdc.prime.router.credentials.CredentialServiceTests" time="0.001"/>
  <testcase name="test fetchCredential throws IllegalArgumentException with non-url safe connectionIds()" classname="gov.cdc.prime.router.credentials.CredentialServiceTests" time="0.0"/>
  <testcase name="test saveCredential throws IllegalArgumentException with non-url safe connectionIds()" classname="gov.cdc.prime.router.credentials.CredentialServiceTests" time="0.0"/>
  <testcase name="test fetchCredential handles valid connectionIds()" classname="gov.cdc.prime.router.credentials.CredentialServiceTests" time="0.001"/>
  <system-out><![CDATA[08:58:52.142 [Test worker][22] INFO  gov.cdc.prime.router.credentials.MemoryCredentialService - CREDENTIAL UPDATE: CredentialServiceTest updating connectionId(valid1) credential...
08:58:52.142 [Test worker][22] INFO  gov.cdc.prime.router.credentials.MemoryCredentialService - CREDENTIAL UPDATE: CredentialServiceTest updated connectionId(valid1) credential successfully.
08:58:52.142 [Test worker][22] INFO  gov.cdc.prime.router.credentials.MemoryCredentialService - CREDENTIAL UPDATE: CredentialServiceTest updating connectionId(35wtfsdfe4t4wr4w4343) credential...
08:58:52.142 [Test worker][22] INFO  gov.cdc.prime.router.credentials.MemoryCredentialService - CREDENTIAL UPDATE: CredentialServiceTest updated connectionId(35wtfsdfe4t4wr4w4343) credential successfully.
08:58:52.142 [Test worker][22] INFO  gov.cdc.prime.router.credentials.MemoryCredentialService - CREDENTIAL UPDATE: CredentialServiceTest updating connectionId(with-dashes-in-name-) credential...
08:58:52.143 [Test worker][22] INFO  gov.cdc.prime.router.credentials.MemoryCredentialService - CREDENTIAL UPDATE: CredentialServiceTest updated connectionId(with-dashes-in-name-) credential successfully.
08:58:52.143 [Test worker][22] INFO  gov.cdc.prime.router.credentials.MemoryCredentialService - CREDENTIAL UPDATE: CredentialServiceTest updating connectionId(id1) credential...
08:58:52.143 [Test worker][22] INFO  gov.cdc.prime.router.credentials.MemoryCredentialService - CREDENTIAL UPDATE: CredentialServiceTest updated connectionId(id1) credential successfully.
08:58:52.143 [Test worker][22] INFO  gov.cdc.prime.router.credentials.MemoryCredentialService - CREDENTIAL REQUEST: CredentialServiceTest requested connectionId(id1) credential for AUTOMATED_TEST
08:58:52.145 [Test worker][22] INFO  gov.cdc.prime.router.credentials.MemoryCredentialService - CREDENTIAL REQUEST: CredentialServiceTest requested connectionId(valid1) credential for AUTOMATED_TEST
08:58:52.145 [Test worker][22] INFO  gov.cdc.prime.router.credentials.MemoryCredentialService - CREDENTIAL REQUEST: CredentialServiceTest requested connectionId(35wtfsdfe4t4wr4w4343) credential for AUTOMATED_TEST
08:58:52.145 [Test worker][22] INFO  gov.cdc.prime.router.credentials.MemoryCredentialService - CREDENTIAL REQUEST: CredentialServiceTest requested connectionId(with-dashes-in-name-) credential for AUTOMATED_TEST
]]></system-out>
  <system-err><![CDATA[]]></system-err>
</testsuite>
