<?xml version="1.0" encoding="UTF-8"?>
<testsuite name="gov.cdc.prime.router.DocumentationTests" tests="3" skipped="1" failures="0" errors="0" timestamp="2021-05-04T12:58:51" hostname="Technicians-MacBook-Pro.local" time="0.002">
  <properties/>
  <testcase name="test building documentation string from element()" classname="gov.cdc.prime.router.DocumentationTests" time="0.0">
    <skipped/>
  </testcase>
  <testcase name="test building documentation for element with documentation value()" classname="gov.cdc.prime.router.DocumentationTests" time="0.001"/>
  <testcase name="test building documentation string from a schema()" classname="gov.cdc.prime.router.DocumentationTests" time="0.001"/>
  <system-out><![CDATA[]]></system-out>
  <system-err><![CDATA[]]></system-err>
</testsuite>
