<?xml version="1.0" encoding="UTF-8"?>
<testsuite name="gov.cdc.prime.router.azure.ActionHistoryTests" tests="8" skipped="0" failures="0" errors="0" timestamp="2021-05-04T12:58:38" hostname="Technicians-MacBook-Pro.local" time="0.346">
  <properties/>
  <testcase name="test prettyPrintDestinations()" classname="gov.cdc.prime.router.azure.ActionHistoryTests" time="0.012"/>
  <testcase name="test constructor()" classname="gov.cdc.prime.router.azure.ActionHistoryTests" time="0.001"/>
  <testcase name="test trackExternalInputReport()" classname="gov.cdc.prime.router.azure.ActionHistoryTests" time="0.008"/>
  <testcase name="test trackSentReport()" classname="gov.cdc.prime.router.azure.ActionHistoryTests" time="0.001"/>
  <testcase name="test trackExistingInputReport()" classname="gov.cdc.prime.router.azure.ActionHistoryTests" time="0.001"/>
  <testcase name="test trackDownloadedReport()" classname="gov.cdc.prime.router.azure.ActionHistoryTests" time="0.32"/>
  <testcase name="test trackCreatedReport()" classname="gov.cdc.prime.router.azure.ActionHistoryTests" time="0.001"/>
  <testcase name="test trackActionResult()" classname="gov.cdc.prime.router.azure.ActionHistoryTests" time="0.001"/>
  <system-out><![CDATA[]]></system-out>
  <system-err><![CDATA[]]></system-err>
</testsuite>
