<?xml version="1.0" encoding="UTF-8"?>
<testsuite name="gov.cdc.prime.router.JurisdictionalFilterTests" tests="5" skipped="0" failures="0" errors="0" timestamp="2021-05-04T12:58:51" hostname="Technicians-MacBook-Pro.local" time="0.004">
  <properties/>
  <testcase name="test Matches()" classname="gov.cdc.prime.router.JurisdictionalFilterTests" time="0.001"/>
  <testcase name="test filterByCountyWithMissingColumns()" classname="gov.cdc.prime.router.JurisdictionalFilterTests" time="0.0"/>
  <testcase name="test empty Matches()" classname="gov.cdc.prime.router.JurisdictionalFilterTests" time="0.001"/>
  <testcase name="test OrEquals()" classname="gov.cdc.prime.router.JurisdictionalFilterTests" time="0.001"/>
  <testcase name="test FilterByCounty()" classname="gov.cdc.prime.router.JurisdictionalFilterTests" time="0.001"/>
  <system-out><![CDATA[]]></system-out>
  <system-err><![CDATA[]]></system-err>
</testsuite>
