<?xml version="1.0" encoding="UTF-8"?>
<testsuite name="gov.cdc.prime.router.azure.SendFunctionTests" tests="5" skipped="0" failures="0" errors="0" timestamp="2021-05-04T12:58:38" hostname="Technicians-MacBook-Pro.local" time="1.135">
  <properties/>
  <testcase name="Test with sftp error()" classname="gov.cdc.prime.router.azure.SendFunctionTests" time="0.071"/>
  <testcase name="Test with message()" classname="gov.cdc.prime.router.azure.SendFunctionTests" time="0.008"/>
  <testcase name="Test with third sftp error()" classname="gov.cdc.prime.router.azure.SendFunctionTests" time="0.03"/>
  <testcase name="Test with 100th sftp error()" classname="gov.cdc.prime.router.azure.SendFunctionTests" time="0.008"/>
  <testcase name="Test with a bad message()" classname="gov.cdc.prime.router.azure.SendFunctionTests" time="0.011"/>
  <system-out><![CDATA[]]></system-out>
  <system-err><![CDATA[]]></system-err>
</testsuite>
