<?xml version="1.0" encoding="UTF-8"?>
<testsuite name="gov.cdc.prime.router.azure.EventTest" tests="4" skipped="0" failures="0" errors="0" timestamp="2021-05-04T12:58:37" hostname="Technicians-MacBook-Pro.local" time="0.008">
  <properties/>
  <testcase name="test receiverEvent encode and decode()" classname="gov.cdc.prime.router.azure.EventTest" time="0.004"/>
  <testcase name="test reportEvent encode and decode()" classname="gov.cdc.prime.router.azure.EventTest" time="0.002"/>
  <testcase name="test receiverEvent encode and decode with time()" classname="gov.cdc.prime.router.azure.EventTest" time="0.001"/>
  <testcase name="test reportEvent encode and decode with time()" classname="gov.cdc.prime.router.azure.EventTest" time="0.001"/>
  <system-out><![CDATA[]]></system-out>
  <system-err><![CDATA[]]></system-err>
</testsuite>
