<?xml version="1.0" encoding="UTF-8"?>
<testsuite name="gov.cdc.prime.router.azure.AuthenticationTests" tests="8" skipped="0" failures="0" errors="0" timestamp="2021-05-04T12:58:38" hostname="Technicians-MacBook-Pro.local" time="0.004">
  <properties/>
  <testcase name="test user level checkMembership with system account()" classname="gov.cdc.prime.router.azure.AuthenticationTests" time="0.001"/>
  <testcase name="test user level checkMembership with admin account()" classname="gov.cdc.prime.router.azure.AuthenticationTests" time="0.0"/>
  <testcase name="test multiple user level checkMembership()" classname="gov.cdc.prime.router.azure.AuthenticationTests" time="0.0"/>
  <testcase name="test admin level checkMembership with system account()" classname="gov.cdc.prime.router.azure.AuthenticationTests" time="0.001"/>
  <testcase name="test system level checkMembership with system account()" classname="gov.cdc.prime.router.azure.AuthenticationTests" time="0.0"/>
  <testcase name="test admin level checkMembership()" classname="gov.cdc.prime.router.azure.AuthenticationTests" time="0.0"/>
  <testcase name="test admin level checkMembership with user account()" classname="gov.cdc.prime.router.azure.AuthenticationTests" time="0.001"/>
  <testcase name="test user level checkMembership()" classname="gov.cdc.prime.router.azure.AuthenticationTests" time="0.0"/>
  <system-out><![CDATA[]]></system-out>
  <system-err><![CDATA[]]></system-err>
</testsuite>
